<?xml version="1.0" encoding="UTF-8"?>
<!-- Generated by org.testng.reporters.JUnitXMLReporter -->
<testsuite hostname="DESKTOP-UU4M2OG" ignored="2" name="Test" tests="3" failures="1" timestamp="24 Apr 2022 17:40:31 GMT" time="16.478" errors="0">
  <testcase name="testValidLogin" time="7.023" classname="orangetests.OrangeValidLogin"/>
  <testcase name="testPersonalDetails" time="2.187" classname="orangetests.OrangeValidLogin"/>
  <testcase name="testInvalidLogin" time="0.088" classname="orangetests.OrangeInvalidLogin">
    <failure type="java.lang.NullPointerException">
      <![CDATA[java.lang.NullPointerException
at org.openqa.selenium.support.pagefactory.DefaultElementLocator.findElement(DefaultElementLocator.java:70)
at org.openqa.selenium.support.pagefactory.internal.LocatingElementHandler.invoke(LocatingElementHandler.java:39)
at com.sun.proxy.$Proxy16.sendKeys(Unknown Source)
at orangepages.OrangeLoginPage.setUserName(OrangeLoginPage.java:30)
at orangetests.OrangeInvalidLogin.testInvalidLogin(OrangeInvalidLogin.java:25)
... Removed 25 stack frames]]>
    </failure>
  </testcase> <!-- testInvalidLogin -->
  <testcase name="@AfterTest closeApp" time="0.0" classname="orangegenerics.OrangeBaseTest">
    <ignored/>
  </testcase> <!-- @AfterTest closeApp -->
  <testcase name="@BeforeTest openApp" time="0.0" classname="orangegenerics.OrangeBaseTest">
    <ignored/>
  </testcase> <!-- @BeforeTest openApp -->
</testsuite> <!-- Test -->
