<?xml version="1.0" encoding="UTF-8"?>
<!-- Generated by org.testng.reporters.JUnitXMLReporter -->
<testsuite hostname="DESKTOP-UU4M2OG" ignored="0" name="Default test" tests="4" failures="0" timestamp="27 Apr 2022 05:32:16 GMT" time="46.06" errors="0">
  <testcase name="testPersonalDetails" time="9.062" classname="orangetests.OrangeValidLogin"/>
  <testcase name="testContactDetails" time="9.081" classname="orangetests.OrangeValidLogin"/>
  <testcase name="testEmergency" time="4.414" classname="orangetests.OrangeValidLogin"/>
  <testcase name="testPic" time="6.406" classname="orangetests.OrangeValidLogin"/>
</testsuite> <!-- Default test -->
